<?xml version="1.0" encoding="UTF-8"?>
<!-- Generated by org.testng.reporters.JUnitXMLReporter -->
<testsuite ignored="4" hostname="IN-4YZC5S3" failures="0" tests="1" name="Default test" time="12.76" errors="0" timestamp="13 May 2024 07:16:12 GMT">
  <testcase classname="tests.BoardsAPITest" name="testWrongResourceIssue" time="12.726"/>
  <testcase classname="tests.BoardsAPITest" name="testBadRequestIssue" time="0.0">
    <ignored/>
  </testcase> <!-- testBadRequestIssue -->
  <testcase classname="tests.BoardsAPITest" name="deleteBoardTest" time="0.0">
    <ignored/>
  </testcase> <!-- deleteBoardTest -->
  <testcase classname="tests.BoardsAPITest" name="testWrongCredentialsIssue" time="0.0">
    <ignored/>
  </testcase> <!-- testWrongCredentialsIssue -->
  <testcase classname="tests.BoardsAPITest" name="createBoardByNameTest" time="0.0">
    <ignored/>
  </testcase> <!-- createBoardByNameTest -->
</testsuite> <!-- Default test -->
