<?xml version="1.0" encoding="UTF-8"?>
<!-- Generated by org.testng.reporters.JUnitXMLReporter -->
<testsuite ignored="8" hostname="IN-4YZC5S3" failures="0" tests="4" name="Create flow" time="2.393" errors="0" timestamp="13 May 2024 08:46:57 GMT">
  <testcase classname="tests.BoardsAPITest" name="createBoardByNameTest" time="0.754"/>
  <testcase classname="tests.ListAPITest" name="createListWithNameOnBoardWithID" time="0.565"/>
  <testcase classname="tests.CardsAPITest" name="createCardByNameTest" time="0.578"/>
  <testcase classname="tests.CardsAPITest" name="updateCardByNameTest" time="0.489"/>
  <testcase classname="tests.BoardsAPITest" name="testBadRequestIssue" time="0.0">
    <ignored/>
  </testcase> <!-- testBadRequestIssue -->
  <testcase classname="tests.BoardsAPITest" name="testWrongResourceIssue" time="0.0">
    <ignored/>
  </testcase> <!-- testWrongResourceIssue -->
  <testcase classname="tests.BoardsAPITest" name="deleteBoardTest" time="0.0">
    <ignored/>
  </testcase> <!-- deleteBoardTest -->
  <testcase classname="tests.BoardsAPITest" name="testWrongCredentialsIssue" time="0.0">
    <ignored/>
  </testcase> <!-- testWrongCredentialsIssue -->
  <testcase classname="tests.CardsAPITest" name="getCardByIDTest" time="0.0">
    <ignored/>
  </testcase> <!-- getCardByIDTest -->
  <testcase classname="tests.CardsAPITest" name="getCardByIDTestFail" time="0.0">
    <ignored/>
  </testcase> <!-- getCardByIDTestFail -->
  <testcase classname="tests.CardsAPITest" name="deleteCard" time="0.0">
    <ignored/>
  </testcase> <!-- deleteCard -->
  <testcase classname="tests.ListAPITest" name="deleteListID" time="0.0">
    <ignored/>
  </testcase> <!-- deleteListID -->
</testsuite> <!-- Create flow -->
