<?xml version="1.0" encoding="UTF-8"?>
<!-- Generated by org.testng.reporters.JUnitXMLReporter -->
<testsuite ignored="9" hostname="IN-4YZC5S3" failures="0" tests="3" name="Delete flow" time="2.709" errors="0" timestamp="13 May 2024 08:47:00 GMT">
  <testcase classname="tests.CardsAPITest" name="deleteCard" time="0.804"/>
  <testcase classname="tests.ListAPITest" name="deleteListID" time="0.456"/>
  <testcase classname="tests.BoardsAPITest" name="deleteBoardTest" time="1.449"/>
  <testcase classname="tests.BoardsAPITest" name="testBadRequestIssue" time="0.0">
    <ignored/>
  </testcase> <!-- testBadRequestIssue -->
  <testcase classname="tests.CardsAPITest" name="updateCardByNameTest" time="0.0">
    <ignored/>
  </testcase> <!-- updateCardByNameTest -->
  <testcase classname="tests.CardsAPITest" name="createCardByNameTest" time="0.0">
    <ignored/>
  </testcase> <!-- createCardByNameTest -->
  <testcase classname="tests.BoardsAPITest" name="testWrongResourceIssue" time="0.0">
    <ignored/>
  </testcase> <!-- testWrongResourceIssue -->
  <testcase classname="tests.BoardsAPITest" name="testWrongCredentialsIssue" time="0.0">
    <ignored/>
  </testcase> <!-- testWrongCredentialsIssue -->
  <testcase classname="tests.CardsAPITest" name="getCardByIDTest" time="0.0">
    <ignored/>
  </testcase> <!-- getCardByIDTest -->
  <testcase classname="tests.ListAPITest" name="createListWithNameOnBoardWithID" time="0.0">
    <ignored/>
  </testcase> <!-- createListWithNameOnBoardWithID -->
  <testcase classname="tests.CardsAPITest" name="getCardByIDTestFail" time="0.0">
    <ignored/>
  </testcase> <!-- getCardByIDTestFail -->
  <testcase classname="tests.BoardsAPITest" name="createBoardByNameTest" time="0.0">
    <ignored/>
  </testcase> <!-- createBoardByNameTest -->
</testsuite> <!-- Delete flow -->
