<?xml version="1.0" encoding="UTF-8"?>
<!-- Generated by org.testng.reporters.JUnitXMLReporter -->
<testsuite ignored="0" hostname="IN-4YZC5S3" failures="0" tests="5" name="Individual Tests" time="17.241" errors="0" timestamp="13 May 2024 08:46:55 GMT">
  <testcase classname="tests.BoardsAPITest" name="createBoardByNameTest" time="14.122"/>
  <testcase classname="tests.BoardsAPITest" name="deleteBoardTest" time="1.838"/>
  <testcase classname="tests.BoardsAPITest" name="testBadRequestIssue" time="0.443"/>
  <testcase classname="tests.BoardsAPITest" name="testWrongCredentialsIssue" time="0.39"/>
  <testcase classname="tests.BoardsAPITest" name="testWrongResourceIssue" time="0.43"/>
</testsuite> <!-- Individual Tests -->
