<?xml version="1.0" encoding="UTF-8"?>
<!-- Generated by org.testng.reporters.JUnitXMLReporter -->
<testsuite ignored="2" hostname="IN-4YZC5S3" failures="0" tests="3"
	name="Create and delete flow" time="2.132" errors="0"
	timestamp="10 May 2024 12:05:51 GMT">
	<testcase classname="tests.BoardsAPITest" name="createBoardByNameTest"
		time="0.66" />
	<testcase classname="tests.ListAPITest"
		name="createListWithNameOnBoardWithID" time="0.74" />
	<testcase classname="tests.CardsAPITest" name="createCardByNameTest"
		time="0.724" />
	<testcase classname="tests.CardsAPITest" name="getCardByIDTest" time="0.0">
		<ignored />
	</testcase> <!-- getCardByIDTest -->
	<testcase classname="tests.CardsAPITest" name="getCardByIDTestFail"
		time="0.0">
		<ignored />
	</testcase> <!-- getCardByIDTestFail -->
</testsuite> <!-- Create and delete flow -->
