<?xml version="1.0" encoding="UTF-8"?>
<!-- Generated by org.testng.reporters.JUnitXMLReporter -->
<testsuite ignored="0" hostname="IN-4YZC5S3" failures="6" tests="6"
	name="Test all" time="0.061" errors="0" timestamp="10 May 2024 10:55:16 GMT">
	<testcase classname="tests.BoardsAPITest" name="createBoardByNameTest"
		time="0.016">
		<failure type="java.lang.NullPointerException"
			message="Cannot invoke &amp;quot;java.util.Properties.getProperty(String)&amp;quot; because &amp;quot;utils.FileReader.props&amp;quot; is null">
      <![CDATA[java.lang.NullPointerException: Cannot invoke "java.util.Properties.getProperty(String)" because "utils.FileReader.props" is null
at tests.BoardsAPITest.createBoardByNameTest(BoardsAPITest.java:16)
... Removed 23 stack frames]]>
    </failure>
	</testcase> <!--
	createBoardByNameTest -->
	<testcase classname="tests.BoardsAPITest" name="deleteBoardTest"
		time="0.012">
		<failure type="java.lang.NullPointerException"
			message="Cannot invoke &amp;quot;com.aventstack.extentreports.ExtentTest.info(String)&amp;quot; because &amp;quot;api.BoardsAPI.extentTest&amp;quot; is null">
      <![CDATA[java.lang.NullPointerException: Cannot invoke "com.aventstack.extentreports.ExtentTest.info(String)" because "api.BoardsAPI.extentTest" is null
at api.BoardsAPI.deleteBoard(BoardsAPI.java:39)
at tests.BoardsAPITest.deleteBoardTest(BoardsAPITest.java:23)
... Removed 23 stack frames]]>
    </failure>
	</testcase> <!--
	deleteBoardTest -->
	<testcase classname="tests.CardsAPITest" name="getCardByIDTest" time="0.001">
		<failure type="java.lang.NullPointerException"
			message="Cannot invoke &amp;quot;java.util.Properties.getProperty(String)&amp;quot; because &amp;quot;utils.FileReader.props&amp;quot; is null">
      <![CDATA[java.lang.NullPointerException: Cannot invoke "java.util.Properties.getProperty(String)" because "utils.FileReader.props" is null
at tests.CardsAPITest.getCardByIDTest(CardsAPITest.java:24)
... Removed 23 stack frames]]>
    </failure>
	</testcase> <!--
	getCardByIDTest -->
	<testcase classname="tests.CardsAPITest" name="getCardByIDTestFail"
		time="0.001">
		<failure type="java.lang.NullPointerException"
			message="Cannot invoke &amp;quot;com.aventstack.extentreports.ExtentTest.info(String)&amp;quot; because &amp;quot;api.CardsAPI.extentTest&amp;quot; is null">
      <![CDATA[java.lang.NullPointerException: Cannot invoke "com.aventstack.extentreports.ExtentTest.info(String)" because "api.CardsAPI.extentTest" is null
at api.CardsAPI.getCardByID(CardsAPI.java:38)
at tests.CardsAPITest.getCardByIDTestFail(CardsAPITest.java:31)
... Removed 23 stack frames]]>
    </failure>
	</testcase> <!--
	getCardByIDTestFail -->
	<testcase classname="tests.ListAPITest"
		name="createListWithNameOnBoardWithID" time="0.003">
		<failure type="java.lang.NullPointerException"
			message="Cannot invoke &amp;quot;com.aventstack.extentreports.ExtentTest.info(String)&amp;quot; because &amp;quot;api.ListAPI.extentTest&amp;quot; is null">
      <![CDATA[java.lang.NullPointerException: Cannot invoke "com.aventstack.extentreports.ExtentTest.info(String)" because "api.ListAPI.extentTest" is null
at api.ListAPI.createList(ListAPI.java:23)
at tests.ListAPITest.createListWithNameOnBoardWithID(ListAPITest.java:13)
... Removed 23 stack frames]]>
    </failure>
	</testcase> <!--
	createListWithNameOnBoardWithID -->
	<testcase classname="tests.CardsAPITest" name="createCardByNameTest"
		time="0.001">
		<failure type="java.lang.NullPointerException"
			message="Cannot invoke &amp;quot;java.util.Properties.getProperty(String)&amp;quot; because &amp;quot;utils.FileReader.props&amp;quot; is null">
      <![CDATA[java.lang.NullPointerException: Cannot invoke "java.util.Properties.getProperty(String)" because "utils.FileReader.props" is null
at tests.CardsAPITest.createCardByNameTest(CardsAPITest.java:16)
... Removed 23 stack frames]]>
    </failure>
	</testcase> <!--
	createCardByNameTest -->
</testsuite> <!--
Test all -->
