<?xml version="1.0" encoding="UTF-8"?>
<!-- Generated by org.testng.reporters.JUnitXMLReporter -->
<testsuite ignored="3" hostname="IN-4YZC5S3" failures="3" tests="3"
	name="Test card Creation" time="0.047" errors="0"
	timestamp="10 May 2024 11:02:00 GMT">
	<testcase classname="tests.BoardsAPITest" name="createBoardByNameTest"
		time="0.018">
		<failure type="java.lang.NullPointerException"
			message="Cannot invoke &amp;quot;com.aventstack.extentreports.ExtentTest.info(String)&amp;quot; because &amp;quot;api.BoardsAPI.extentTest&amp;quot; is null">
      <![CDATA[java.lang.NullPointerException: Cannot invoke "com.aventstack.extentreports.ExtentTest.info(String)" because "api.BoardsAPI.extentTest" is null
at api.BoardsAPI.createBoard(BoardsAPI.java:23)
at tests.BoardsAPITest.createBoardByNameTest(BoardsAPITest.java:17)
... Removed 23 stack frames]]>
    </failure>
	</testcase> <!--
	createBoardByNameTest -->
	<testcase classname="tests.ListAPITest"
		name="createListWithNameOnBoardWithID" time="0.004">
		<failure type="java.lang.NullPointerException"
			message="Cannot invoke &amp;quot;com.aventstack.extentreports.ExtentTest.info(String)&amp;quot; because &amp;quot;api.ListAPI.extentTest&amp;quot; is null">
      <![CDATA[java.lang.NullPointerException: Cannot invoke "com.aventstack.extentreports.ExtentTest.info(String)" because "api.ListAPI.extentTest" is null
at api.ListAPI.createList(ListAPI.java:23)
at tests.ListAPITest.createListWithNameOnBoardWithID(ListAPITest.java:13)
... Removed 23 stack frames]]>
    </failure>
	</testcase> <!--
	createListWithNameOnBoardWithID -->
	<testcase classname="tests.CardsAPITest" name="createCardByNameTest"
		time="0.002">
		<failure type="java.lang.NullPointerException"
			message="Cannot invoke &amp;quot;com.aventstack.extentreports.ExtentTest.info(String)&amp;quot; because &amp;quot;api.CardsAPI.extentTest&amp;quot; is null">
      <![CDATA[java.lang.NullPointerException: Cannot invoke "com.aventstack.extentreports.ExtentTest.info(String)" because "api.CardsAPI.extentTest" is null
at api.CardsAPI.getCardByID(CardsAPI.java:38)
at tests.CardsAPITest.createCardByNameTest(CardsAPITest.java:17)
... Removed 23 stack frames]]>
    </failure>
	</testcase> <!--
	createCardByNameTest -->
	<testcase classname="tests.BoardsAPITest" name="deleteBoardTest" time="0.0">
		<ignored />
	</testcase> <!-- deleteBoardTest -->
	<testcase classname="tests.CardsAPITest" name="getCardByIDTest" time="0.0">
		<ignored />
	</testcase> <!-- getCardByIDTest -->
	<testcase classname="tests.CardsAPITest" name="getCardByIDTestFail"
		time="0.0">
		<ignored />
	</testcase> <!-- getCardByIDTestFail -->
</testsuite> <!-- Test card Creation -->
