<?xml version="1.0" encoding="UTF-8"?>
<!-- Generated by org.testng.reporters.JUnitXMLReporter -->
<testsuite ignored="4" hostname="IN-4YZC5S3" failures="0" tests="3" name="Test" time="16.177" errors="0" timestamp="10 May 2024 12:19:53 GMT">
  <testcase classname="tests.BoardsAPITest" name="createBoardByNameTest" time="13.662"/>
  <testcase classname="tests.CardsAPITest" name="getCardByIDTest" time="0.713"/>
  <testcase classname="tests.CardsAPITest" name="getCardByIDTestFail" time="1.776"/>
  <testcase classname="pages.BasePage" name="@BeforeSuite setReport" time="0.0">
    <ignored/>
  </testcase> <!-- @BeforeSuite setReport -->
  <testcase classname="pages.BasePage" name="@BeforeSuite setReport" time="0.0">
    <ignored/>
  </testcase> <!-- @BeforeSuite setReport -->
  <testcase classname="pages.BasePage" name="@AfterSuite finishReport" time="0.0">
    <ignored/>
  </testcase> <!-- @AfterSuite finishReport -->
  <testcase classname="pages.BasePage" name="@AfterSuite finishReport" time="0.0">
    <ignored/>
  </testcase> <!-- @AfterSuite finishReport -->
</testsuite> <!-- Test -->
