<?xml version="1.0" encoding="UTF-8"?>
<!-- Generated by org.testng.reporters.JUnitXMLReporter -->
<testsuite ignored="5" hostname="IN-4YZC5S3" failures="0" tests="3"
	name="Create flow" time="2.017" errors="0"
	timestamp="10 May 2024 13:56:17 GMT">
	<testcase classname="tests.BoardsAPITest" name="createBoardByNameTest"
		time="0.654" />
	<testcase classname="tests.ListAPITest"
		name="createListWithNameOnBoardWithID" time="0.663" />
	<testcase classname="tests.CardsAPITest" name="createCardByNameTest"
		time="0.692" />
	<testcase classname="tests.BoardsAPITest" name="deleteBoardTest" time="0.0">
		<ignored />
	</testcase> <!-- deleteBoardTest -->
	<testcase classname="tests.CardsAPITest" name="getCardByIDTest" time="0.0">
		<ignored />
	</testcase> <!-- getCardByIDTest -->
	<testcase classname="tests.CardsAPITest" name="getCardByIDTestFail"
		time="0.0">
		<ignored />
	</testcase> <!-- getCardByIDTestFail -->
	<testcase classname="tests.CardsAPITest" name="deleteCard" time="0.0">
		<ignored />
	</testcase> <!-- deleteCard -->
	<testcase classname="tests.ListAPITest" name="deleteListID" time="0.0">
		<ignored />
	</testcase> <!-- deleteListID -->
</testsuite> <!-- Create flow -->
