<?xml version="1.0" encoding="UTF-8"?>
<!-- Generated by org.testng.reporters.JUnitXMLReporter -->
<testsuite ignored="5" hostname="IN-4YZC5S3" failures="0" tests="3"
	name="Delete flow" time="2.882" errors="0"
	timestamp="10 May 2024 13:56:20 GMT">
	<testcase classname="tests.CardsAPITest" name="deleteCard" time="0.929" />
	<testcase classname="tests.ListAPITest" name="deleteListID" time="0.445" />
	<testcase classname="tests.BoardsAPITest" name="deleteBoardTest"
		time="1.501" />
	<testcase classname="tests.CardsAPITest" name="createCardByNameTest"
		time="0.0">
		<ignored />
	</testcase> <!-- createCardByNameTest -->
	<testcase classname="tests.CardsAPITest" name="getCardByIDTest" time="0.0">
		<ignored />
	</testcase> <!-- getCardByIDTest -->
	<testcase classname="tests.ListAPITest"
		name="createListWithNameOnBoardWithID" time="0.0">
		<ignored />
	</testcase> <!-- createListWithNameOnBoardWithID -->
	<testcase classname="tests.CardsAPITest" name="getCardByIDTestFail"
		time="0.0">
		<ignored />
	</testcase> <!-- getCardByIDTestFail -->
	<testcase classname="tests.BoardsAPITest" name="createBoardByNameTest"
		time="0.0">
		<ignored />
	</testcase> <!-- createBoardByNameTest -->
</testsuite> <!-- Delete flow -->
