<?xml version="1.0" encoding="UTF-8"?>
<!-- Generated by org.testng.reporters.JUnitXMLReporter -->
<testsuite ignored="0" hostname="IN-4YZC5S3" failures="0" tests="5" name="Individual Tests" time="17.403" errors="0" timestamp="13 May 2024 08:25:46 GMT">
  <testcase classname="tests.BoardsAPITest" name="createBoardByNameTest" time="13.994"/>
  <testcase classname="tests.BoardsAPITest" name="deleteBoardTest" time="1.738"/>
  <testcase classname="tests.BoardsAPITest" name="testBadRequestIssue" time="0.609"/>
  <testcase classname="tests.BoardsAPITest" name="testWrongCredentialsIssue" time="0.506"/>
  <testcase classname="tests.BoardsAPITest" name="testWrongResourceIssue" time="0.521"/>
</testsuite> <!-- Individual Tests -->
