<?xml version="1.0" encoding="UTF-8"?>
<!-- Generated by org.testng.reporters.JUnitXMLReporter -->
<testsuite ignored="0" hostname="IN-4YZC5S3" failures="3" tests="5" name="RunAllTests" time="30.162" errors="0" timestamp="13 May 2024 06:42:13 GMT">
  <testcase classname="tests.BoardsAPITest" name="createBoardByNameTest" time="14.378"/>
  <testcase classname="tests.BoardsAPITest" name="deleteBoardTest" time="1.407"/>
  <testcase classname="tests.BoardsAPITest" name="testBadRequestIssue" time="0.681">
    <failure type="java.lang.AssertionError" message="expected [400] but found [301]">
      <![CDATA[java.lang.AssertionError: expected [400] but found [301]
at tests.BoardsAPITest.testBadRequestIssue(BoardsAPITest.java:49)
... Removed 29 stack frames]]>
    </failure>
  </testcase> <!-- testBadRequestIssue -->
  <testcase classname="tests.BoardsAPITest" name="testWrongCredentialsIssue" time="12.94">
    <failure type="java.lang.AssertionError" message="expected [401] but found [200]">
      <![CDATA[java.lang.AssertionError: expected [401] but found [200]
at tests.BoardsAPITest.testWrongCredentialsIssue(BoardsAPITest.java:43)
... Removed 29 stack frames]]>
    </failure>
  </testcase> <!-- testWrongCredentialsIssue -->
  <testcase classname="tests.BoardsAPITest" name="testWrongResourceIssue" time="0.715">
    <failure type="java.lang.AssertionError" message="expected [404] but found [200]">
      <![CDATA[java.lang.AssertionError: expected [404] but found [200]
at tests.BoardsAPITest.testWrongResourceIssue(BoardsAPITest.java:37)
... Removed 29 stack frames]]>
    </failure>
  </testcase> <!-- testWrongResourceIssue -->
</testsuite> <!-- RunAllTests -->
